initializing
training size    : 61105
testing size     : 9540
epoch count      : 30
sub epoch size   : 5

epoch_learning_rate_decay   : 25
learning_rate_decay         : 0.250000

training



epoch [0 0] from [30 5]
training time per iterations 3.713585[ms]
testing
testing done
network success rate top1 3.501048% 25.020964% 
network success rate top5 100.000000% 100.000000% 
saving best net in top 1
best net saved to net_5/trained/, with success rate 3.501048%



epoch [0 1] from [30 5]
training time per iterations 3.725876[ms]
testing
testing done
network success rate top1 3.501048% 24.171907% 
network success rate top5 100.000000% 100.000000% 



epoch [0 2] from [30 5]
training time per iterations 3.722622[ms]
testing
testing done
network success rate top1 3.501048% 25.314465% 
network success rate top5 100.000000% 100.000000% 



epoch [0 3] from [30 5]
training time per iterations 3.725017[ms]
testing
testing done
network success rate top1 3.501048% 24.696016% 
network success rate top5 100.000000% 100.000000% 



epoch [0 4] from [30 5]
training time per iterations 3.716634[ms]
testing
testing done
network success rate top1 3.501048% 25.115303% 
network success rate top5 100.000000% 100.000000% 



epoch [1 0] from [30 5]
training time per iterations 3.729484[ms]
testing
testing done
network success rate top1 3.501048% 25.377359% 
network success rate top5 100.000000% 100.000000% 



epoch [1 1] from [30 5]
training time per iterations 3.734325[ms]
testing
testing done
network success rate top1 3.501048% 24.559748% 
network success rate top5 100.000000% 100.000000% 



epoch [1 2] from [30 5]
training time per iterations 3.720638[ms]
testing
testing done
network success rate top1 3.501048% 24.622641% 
network success rate top5 100.000000% 100.000000% 



epoch [1 3] from [30 5]
training time per iterations 3.725439[ms]
testing
testing done
network success rate top1 3.501048% 25.345911% 
network success rate top5 100.000000% 100.000000% 



epoch [1 4] from [30 5]
training time per iterations 3.716503[ms]
testing
testing done
network success rate top1 3.501048% 24.612160% 
network success rate top5 100.000000% 100.000000% 



epoch [2 0] from [30 5]
training time per iterations 3.730809[ms]
testing
testing done
network success rate top1 3.501048% 24.538784% 
network success rate top5 100.000000% 100.000000% 



epoch [2 1] from [30 5]
training time per iterations 3.718064[ms]
testing
testing done
network success rate top1 3.501048% 24.570230% 
network success rate top5 100.000000% 100.000000% 



epoch [2 2] from [30 5]
training time per iterations 3.731661[ms]
testing
testing done
network success rate top1 3.501048% 24.119497% 
network success rate top5 100.000000% 100.000000% 



epoch [2 3] from [30 5]
training time per iterations 3.719746[ms]
testing
testing done
network success rate top1 3.501048% 25.062893% 
network success rate top5 100.000000% 100.000000% 



epoch [2 4] from [30 5]
training time per iterations 3.717861[ms]
testing
testing done
network success rate top1 3.501048% 24.779875% 
network success rate top5 100.000000% 100.000000% 



epoch [3 0] from [30 5]
training time per iterations 3.729960[ms]
testing
testing done
network success rate top1 3.501048% 24.633123% 
network success rate top5 100.000000% 100.000000% 



epoch [3 1] from [30 5]
training time per iterations 3.735420[ms]
testing
testing done
network success rate top1 3.501048% 25.482180% 
network success rate top5 100.000000% 100.000000% 



epoch [3 2] from [30 5]
training time per iterations 3.714393[ms]
testing
testing done
network success rate top1 3.501048% 24.737946% 
network success rate top5 100.000000% 100.000000% 



epoch [3 3] from [30 5]
training time per iterations 3.721835[ms]
testing
testing done
network success rate top1 3.501048% 25.607967% 
network success rate top5 100.000000% 100.000000% 



epoch [3 4] from [30 5]
training time per iterations 3.723024[ms]
testing
testing done
network success rate top1 3.501048% 24.790356% 
network success rate top5 100.000000% 100.000000% 



epoch [4 0] from [30 5]
training time per iterations 3.725754[ms]
testing
testing done
network success rate top1 3.501048% 25.125786% 
network success rate top5 100.000000% 100.000000% 



epoch [4 1] from [30 5]
training time per iterations 3.713404[ms]
testing
testing done
network success rate top1 3.501048% 24.821802% 
network success rate top5 100.000000% 100.000000% 



epoch [4 2] from [30 5]
training time per iterations 3.723332[ms]
testing
testing done
network success rate top1 3.501048% 24.276730% 
network success rate top5 100.000000% 100.000000% 



epoch [4 3] from [30 5]
training time per iterations 3.707186[ms]
testing
testing done
network success rate top1 3.501048% 25.440252% 
network success rate top5 100.000000% 100.000000% 



epoch [4 4] from [30 5]
training time per iterations 3.711082[ms]
testing
testing done
network success rate top1 3.501048% 25.209644% 
network success rate top5 100.000000% 100.000000% 



epoch [5 0] from [30 5]
training time per iterations 3.730508[ms]
testing
testing done
network success rate top1 3.501048% 24.308176% 
network success rate top5 100.000000% 100.000000% 



epoch [5 1] from [30 5]
training time per iterations 3.727743[ms]
testing
testing done
network success rate top1 3.501048% 24.979036% 
network success rate top5 100.000000% 100.000000% 



epoch [5 2] from [30 5]
training time per iterations 3.725760[ms]
testing
testing done
network success rate top1 3.501048% 25.345911% 
network success rate top5 100.000000% 100.000000% 



epoch [5 3] from [30 5]
training time per iterations 3.736668[ms]
testing
testing done
network success rate top1 3.501048% 25.272537% 
network success rate top5 100.000000% 100.000000% 



epoch [5 4] from [30 5]
training time per iterations 3.711475[ms]
testing
testing done
network success rate top1 3.501048% 24.685535% 
network success rate top5 100.000000% 100.000000% 



epoch [6 0] from [30 5]
training time per iterations 3.724672[ms]
testing
testing done
network success rate top1 3.501048% 25.146751% 
network success rate top5 100.000000% 100.000000% 



epoch [6 1] from [30 5]
training time per iterations 3.724205[ms]
testing
testing done
network success rate top1 3.501048% 25.052410% 
network success rate top5 100.000000% 100.000000% 



epoch [6 2] from [30 5]
training time per iterations 3.726363[ms]
testing
testing done
network success rate top1 3.501048% 24.664570% 
network success rate top5 100.000000% 100.000000% 



epoch [6 3] from [30 5]
training time per iterations 3.726004[ms]
testing
testing done
network success rate top1 3.501048% 24.968554% 
network success rate top5 100.000000% 100.000000% 



epoch [6 4] from [30 5]
training time per iterations 3.720343[ms]
testing
testing done
network success rate top1 3.501048% 24.612160% 
network success rate top5 100.000000% 100.000000% 



epoch [7 0] from [30 5]
training time per iterations 3.710685[ms]
testing
testing done
network success rate top1 3.501048% 25.031446% 
network success rate top5 100.000000% 100.000000% 



epoch [7 1] from [30 5]
training time per iterations 3.720842[ms]
testing
testing done
network success rate top1 3.501048% 24.643606% 
network success rate top5 100.000000% 100.000000% 



epoch [7 2] from [30 5]
training time per iterations 3.721101[ms]
testing
testing done
network success rate top1 3.501048% 25.366877% 
network success rate top5 100.000000% 100.000000% 



epoch [7 3] from [30 5]
training time per iterations 3.711606[ms]
testing
testing done
network success rate top1 3.501048% 24.727463% 
network success rate top5 100.000000% 100.000000% 



epoch [7 4] from [30 5]
training time per iterations 3.717824[ms]
testing
testing done
network success rate top1 3.501048% 24.433962% 
network success rate top5 100.000000% 100.000000% 



epoch [8 0] from [30 5]
training time per iterations 3.720554[ms]
testing
testing done
network success rate top1 3.501048% 24.423481% 
network success rate top5 100.000000% 100.000000% 



epoch [8 1] from [30 5]
training time per iterations 3.716111[ms]
testing
testing done
network success rate top1 3.501048% 25.345911% 
network success rate top5 100.000000% 100.000000% 



epoch [8 2] from [30 5]
training time per iterations 3.721488[ms]
testing
testing done
network success rate top1 3.501048% 25.052410% 
network success rate top5 100.000000% 100.000000% 



epoch [8 3] from [30 5]
training time per iterations 3.719560[ms]
testing
testing done
network success rate top1 3.501048% 25.377359% 
network success rate top5 100.000000% 100.000000% 



epoch [8 4] from [30 5]
training time per iterations 3.717346[ms]
testing
testing done
network success rate top1 3.501048% 24.318659% 
network success rate top5 100.000000% 100.000000% 



epoch [9 0] from [30 5]
training time per iterations 3.728152[ms]
testing
testing done
network success rate top1 3.501048% 23.867924% 
network success rate top5 100.000000% 100.000000% 



epoch [9 1] from [30 5]
training time per iterations 3.727033[ms]
testing
testing done
network success rate top1 3.501048% 24.633123% 
network success rate top5 100.000000% 100.000000% 



epoch [9 2] from [30 5]
training time per iterations 3.719180[ms]
testing
testing done
network success rate top1 3.501048% 25.251572% 
network success rate top5 100.000000% 100.000000% 



epoch [9 3] from [30 5]
training time per iterations 3.718396[ms]
testing
testing done
network success rate top1 3.501048% 25.555555% 
network success rate top5 100.000000% 100.000000% 



epoch [9 4] from [30 5]
training time per iterations 3.724094[ms]
testing
testing done
network success rate top1 3.501048% 24.612160% 
network success rate top5 100.000000% 100.000000% 



epoch [10 0] from [30 5]
training time per iterations 3.723522[ms]
testing
testing done
network success rate top1 3.501048% 25.199162% 
network success rate top5 100.000000% 100.000000% 



epoch [10 1] from [30 5]
training time per iterations 3.730158[ms]
testing
testing done
network success rate top1 3.501048% 25.146751% 
network success rate top5 100.000000% 100.000000% 



epoch [10 2] from [30 5]
training time per iterations 3.724816[ms]
testing
testing done
network success rate top1 3.501048% 24.475891% 
network success rate top5 100.000000% 100.000000% 



epoch [10 3] from [30 5]
training time per iterations 3.727001[ms]
testing
testing done
network success rate top1 3.501048% 25.293501% 
network success rate top5 100.000000% 100.000000% 



epoch [10 4] from [30 5]
training time per iterations 3.722476[ms]
testing
testing done
network success rate top1 3.501048% 25.251572% 
network success rate top5 100.000000% 100.000000% 



epoch [11 0] from [30 5]
training time per iterations 3.721330[ms]
testing
testing done
network success rate top1 3.501048% 25.062893% 
network success rate top5 100.000000% 100.000000% 



epoch [11 1] from [30 5]
training time per iterations 3.718175[ms]
testing
testing done
network success rate top1 3.501048% 26.090147% 
network success rate top5 100.000000% 100.000000% 



epoch [11 2] from [30 5]
training time per iterations 3.732547[ms]
testing
testing done
network success rate top1 3.501048% 25.324947% 
network success rate top5 100.000000% 100.000000% 



epoch [11 3] from [30 5]
training time per iterations 3.723100[ms]
testing
testing done
network success rate top1 3.501048% 25.670860% 
network success rate top5 100.000000% 100.000000% 



epoch [11 4] from [30 5]
training time per iterations 3.718242[ms]
testing
testing done
network success rate top1 3.501048% 24.612160% 
network success rate top5 100.000000% 100.000000% 



epoch [12 0] from [30 5]
training time per iterations 3.718635[ms]
testing
testing done
network success rate top1 3.501048% 25.471699% 
network success rate top5 100.000000% 100.000000% 



epoch [12 1] from [30 5]
training time per iterations 3.719570[ms]
testing
testing done
network success rate top1 3.501048% 25.209644% 
network success rate top5 100.000000% 100.000000% 



epoch [12 2] from [30 5]
training time per iterations 3.720497[ms]
testing
testing done
network success rate top1 3.501048% 24.737946% 
network success rate top5 100.000000% 100.000000% 



epoch [12 3] from [30 5]
training time per iterations 3.729045[ms]
testing
testing done
network success rate top1 3.501048% 25.576519% 
network success rate top5 100.000000% 100.000000% 



epoch [12 4] from [30 5]
training time per iterations 3.722881[ms]
testing
testing done
network success rate top1 3.501048% 25.000000% 
network success rate top5 100.000000% 100.000000% 



epoch [13 0] from [30 5]
training time per iterations 3.716594[ms]
testing
testing done
network success rate top1 3.501048% 24.884697% 
network success rate top5 100.000000% 100.000000% 



epoch [13 1] from [30 5]
training time per iterations 3.725076[ms]
testing
testing done
network success rate top1 3.501048% 25.440252% 
network success rate top5 100.000000% 100.000000% 



epoch [13 2] from [30 5]
training time per iterations 3.732389[ms]
testing
testing done
network success rate top1 3.501048% 25.377359% 
network success rate top5 100.000000% 100.000000% 



epoch [13 3] from [30 5]
training time per iterations 3.717854[ms]
testing
testing done
network success rate top1 3.501048% 24.360586% 
network success rate top5 100.000000% 100.000000% 



epoch [13 4] from [30 5]
training time per iterations 3.726197[ms]
testing
testing done
network success rate top1 3.501048% 23.784067% 
network success rate top5 100.000000% 100.000000% 



epoch [14 0] from [30 5]
training time per iterations 3.727476[ms]
testing
testing done
network success rate top1 3.501048% 24.517820% 
network success rate top5 100.000000% 100.000000% 



epoch [14 1] from [30 5]
training time per iterations 3.729750[ms]
testing
testing done
network success rate top1 3.501048% 24.800838% 
network success rate top5 100.000000% 100.000000% 



epoch [14 2] from [30 5]
training time per iterations 3.728851[ms]
testing
testing done
network success rate top1 3.501048% 24.863731% 
network success rate top5 100.000000% 100.000000% 



epoch [14 3] from [30 5]
training time per iterations 3.725797[ms]
testing
testing done
network success rate top1 3.501048% 24.675053% 
network success rate top5 100.000000% 100.000000% 



epoch [14 4] from [30 5]
training time per iterations 3.720238[ms]
testing
testing done
network success rate top1 3.501048% 24.580713% 
network success rate top5 100.000000% 100.000000% 



epoch [15 0] from [30 5]
training time per iterations 3.720011[ms]
testing
testing done
network success rate top1 3.501048% 25.838575% 
network success rate top5 100.000000% 100.000000% 



epoch [15 1] from [30 5]
training time per iterations 3.727172[ms]
testing
testing done
network success rate top1 3.501048% 25.283018% 
network success rate top5 100.000000% 100.000000% 



epoch [15 2] from [30 5]
training time per iterations 3.715587[ms]
testing
testing done
network success rate top1 3.501048% 24.706499% 
network success rate top5 100.000000% 100.000000% 



epoch [15 3] from [30 5]
training time per iterations 3.721716[ms]
testing
testing done
network success rate top1 3.501048% 24.853249% 
network success rate top5 100.000000% 100.000000% 



epoch [15 4] from [30 5]
training time per iterations 3.719055[ms]
testing
testing done
network success rate top1 3.501048% 25.146751% 
network success rate top5 100.000000% 100.000000% 



epoch [16 0] from [30 5]
training time per iterations 3.721883[ms]
testing
testing done
network success rate top1 3.501048% 25.220125% 
network success rate top5 100.000000% 100.000000% 



epoch [16 1] from [30 5]
training time per iterations 3.731292[ms]
testing
testing done
network success rate top1 3.501048% 24.538784% 
network success rate top5 100.000000% 100.000000% 



epoch [16 2] from [30 5]
training time per iterations 3.719546[ms]
testing
testing done
network success rate top1 3.501048% 25.220125% 
network success rate top5 100.000000% 100.000000% 



epoch [16 3] from [30 5]
training time per iterations 3.717623[ms]
testing
testing done
network success rate top1 3.501048% 24.968554% 
network success rate top5 100.000000% 100.000000% 



epoch [16 4] from [30 5]
training time per iterations 3.714849[ms]
testing
testing done
network success rate top1 3.501048% 24.958071% 
network success rate top5 100.000000% 100.000000% 



epoch [17 0] from [30 5]
training time per iterations 3.718184[ms]
testing
testing done
network success rate top1 3.501048% 24.905661% 
network success rate top5 100.000000% 100.000000% 



epoch [17 1] from [30 5]
training time per iterations 3.709885[ms]
testing
testing done
network success rate top1 3.501048% 26.247379% 
network success rate top5 100.000000% 100.000000% 



epoch [17 2] from [30 5]
training time per iterations 3.718707[ms]
testing
testing done
network success rate top1 3.501048% 25.660378% 
network success rate top5 100.000000% 100.000000% 



epoch [17 3] from [30 5]
training time per iterations 3.715458[ms]
testing
testing done
network success rate top1 3.501048% 24.947590% 
network success rate top5 100.000000% 100.000000% 



epoch [17 4] from [30 5]
training time per iterations 3.717661[ms]
testing
testing done
network success rate top1 3.501048% 25.052410% 
network success rate top5 100.000000% 100.000000% 



epoch [18 0] from [30 5]
training time per iterations 3.718876[ms]
testing
testing done
network success rate top1 3.501048% 24.559748% 
network success rate top5 100.000000% 100.000000% 



epoch [18 1] from [30 5]
training time per iterations 3.722362[ms]
testing
testing done
network success rate top1 3.501048% 24.758909% 
network success rate top5 100.000000% 100.000000% 



epoch [18 2] from [30 5]
