network init start

hyperparameters
init_weight_range 0.000000 ,xavier
learning_rate 0.000500
lambda1 0.000001
lambda2 0.001000
dropout 0.200000
noise 0.050000
minibatch size 32

         CONVOLUTION  [   32    32     3] [    3     3    16] [   32    32    16] [       432         16][    458752]
                RELU  [   32    32    16] [    1     1     1] [   32    32    16] [         0          0][     32768]
         MAX POOLING  [   32    32    16] [    2     2     1] [   16    16    16] [         0          0][     32768]
   DENSE CONVOLUTION  [   16    16    16] [    3     3     8] [   16    16    24] [      1152          8][    296960]
                RELU  [   16    16    24] [    1     1     1] [   16    16    24] [         0          0][     12288]
   DENSE CONVOLUTION  [   16    16    24] [    3     3     8] [   16    16    32] [      1728          8][    444416]
                RELU  [   16    16    32] [    1     1     1] [   16    16    32] [         0          0][     16384]
   DENSE CONVOLUTION  [   16    16    32] [    3     3     8] [   16    16    40] [      2304          8][    591872]
                RELU  [   16    16    40] [    1     1     1] [   16    16    40] [         0          0][     20480]
   DENSE CONVOLUTION  [   16    16    40] [    3     3     8] [   16    16    48] [      2880          8][    739328]
                RELU  [   16    16    48] [    1     1     1] [   16    16    48] [         0          0][     24576]
         MAX POOLING  [   16    16    48] [    2     2     1] [    8     8    48] [         0          0][     24576]
   DENSE CONVOLUTION  [    8     8    48] [    3     3     8] [    8     8    56] [      3456          8][    221696]
                RELU  [    8     8    56] [    1     1     1] [    8     8    56] [         0          0][      7168]
   DENSE CONVOLUTION  [    8     8    56] [    3     3     8] [    8     8    64] [      4032          8][    258560]
                RELU  [    8     8    64] [    1     1     1] [    8     8    64] [         0          0][      8192]
   DENSE CONVOLUTION  [    8     8    64] [    3     3     8] [    8     8    72] [      4608          8][    295424]
                RELU  [    8     8    72] [    1     1     1] [    8     8    72] [         0          0][      9216]
   DENSE CONVOLUTION  [    8     8    72] [    3     3     8] [    8     8    80] [      5184          8][    332288]
                RELU  [    8     8    80] [    1     1     1] [    8     8    80] [         0          0][     10240]
         CONVOLUTION  [    8     8    80] [    3     3    64] [    8     8    64] [     46080         64][   2953216]
                RELU  [    8     8    64] [    1     1     1] [    8     8    64] [         0          0][      8192]
             DROPOUT  [    8     8    64] [    1     1     1] [    8     8    64] [         0          0][      8192]
                  FC  [    8     8    64] [    1     1     4] [    1     1     4] [     16384          4][     32776]

input_geometry  [32 32 3]
output_geometry [1 1 4]
network flops operations 6840328 FLOPS, 0.006840 GFLOPS
init DONE

