0.000000 0 0 54.679188 71.017212  100.000000 100.000000 
0.200000 0 1 58.017735 73.249870  100.000000 100.000000 
0.400000 0 2 58.883671 74.230568  100.000000 100.000000 
0.600000 0 3 60.208660 75.618156  100.000000 100.000000 
0.800000 0 4 61.001564 75.190399  100.000000 100.000000 
1.000000 1 0 64.486176 75.326027  100.000000 100.000000 
1.200000 1 1 62.399582 76.838814  100.000000 100.000000 
1.400000 1 2 68.377670 76.838814  100.000000 100.000000 
1.600000 1 3 62.869068 76.098068  100.000000 100.000000 
1.800000 1 4 69.295776 78.528954  100.000000 100.000000 
2.000000 2 0 69.567032 78.163795  100.000000 100.000000 
2.200000 2 1 67.313507 77.464790  100.000000 100.000000 
2.400000 2 2 65.487740 78.643715  100.000000 100.000000 
2.600000 2 3 67.031822 79.300995  100.000000 100.000000 
2.800000 2 4 69.806992 79.760040  100.000000 100.000000 
3.000000 3 0 64.684402 78.372459  100.000000 100.000000 
3.200000 3 1 68.095985 77.537819  100.000000 100.000000 
3.400000 3 2 71.914452 80.907669  100.000000 100.000000 
3.600000 3 3 57.110069 75.492958  100.000000 100.000000 
3.800000 3 4 72.143974 80.730309  100.000000 100.000000 
4.000000 4 0 73.604591 80.824203  100.000000 100.000000 
4.200000 4 1 69.128845 81.314552  100.000000 100.000000 
4.400000 4 2 70.297340 82.243088  100.000000 100.000000 
4.600000 4 3 67.261345 81.126762  100.000000 100.000000 
4.800000 4 4 66.969223 81.408447  100.000000 100.000000 
5.000000 5 0 73.354202 82.576942  100.000000 100.000000 
5.200000 5 1 76.150238 81.940529  100.000000 100.000000 
5.400000 5 2 70.579033 82.232658  100.000000 100.000000 
5.600000 5 3 70.871155 82.368286  100.000000 100.000000 
5.800000 5 4 74.460091 82.973396  100.000000 100.000000 
6.000000 6 0 71.330200 82.566513  100.000000 100.000000 
6.200000 6 1 73.667191 81.961395  100.000000 100.000000 
6.400000 6 2 72.561295 83.724571  100.000000 100.000000 
6.600000 6 3 72.634323 83.234222  100.000000 100.000000 
6.800000 6 4 74.720917 83.839333  100.000000 100.000000 
7.000000 7 0 73.781952 83.964531  100.000000 100.000000 
7.200000 7 1 78.268127 83.766304  100.000000 100.000000 
7.400000 7 2 74.115807 84.068855  100.000000 100.000000 
7.600000 7 3 76.118935 83.787170  100.000000 100.000000 
7.800000 7 4 67.532600 82.524780  100.000000 100.000000 
8.000000 8 0 77.996872 84.569641  100.000000 100.000000 
8.200000 8 1 74.606155 84.496613  100.000000 100.000000 
8.400000 8 2 77.162231 84.747002  100.000000 100.000000 
8.600000 8 3 77.151802 84.444443  100.000000 100.000000 
8.800000 8 4 79.822639 85.247780  100.000000 100.000000 
9.000000 9 0 77.892540 83.818466  100.000000 100.000000 
9.200000 9 1 79.530518 84.632240  100.000000 100.000000 
9.400000 9 2 76.306732 85.174751  100.000000 100.000000 
9.600000 9 3 77.819511 85.091286  100.000000 100.000000 
9.800000 9 4 78.362022 85.258217  100.000000 100.000000 
10.000000 10 0 77.454353 86.343246  100.000000 100.000000 
10.200000 10 1 71.330200 84.235786  100.000000 100.000000 
10.400000 10 2 72.488266 83.891495  100.000000 100.000000 
10.600000 10 3 77.569115 85.393845  100.000000 100.000000 
10.800000 10 4 80.260826 86.165886  100.000000 100.000000 
11.000000 11 0 72.968178 83.787170  100.000000 100.000000 
11.200000 11 1 75.722481 85.727699  100.000000 100.000000 
11.400000 11 2 76.797081 85.842461  100.000000 100.000000 
11.600000 11 3 73.594154 85.206055  100.000000 100.000000 
11.800000 11 4 76.473656 86.103287  100.000000 100.000000 
12.000000 12 0 80.239960 86.113716  100.000000 100.000000 
12.200000 12 1 78.591553 85.498177  100.000000 100.000000 
12.400000 12 2 79.843506 86.395409  100.000000 100.000000 
12.600000 12 3 79.530518 86.405846  100.000000 100.000000 
12.800000 12 4 78.424622 85.644234  100.000000 100.000000 
13.000000 13 0 75.712051 86.864891  100.000000 100.000000 
13.200000 13 1 76.014603 86.165886  100.000000 100.000000 
13.400000 13 2 80.104332 86.051125  100.000000 100.000000 
13.600000 13 3 79.290558 85.654671  100.000000 100.000000 
13.800000 13 4 81.262390 86.458008  100.000000 100.000000 
14.000000 14 0 73.823685 86.384979  100.000000 100.000000 
14.200000 14 1 75.732918 86.374542  100.000000 100.000000 
14.400000 14 2 82.378716 86.113716  100.000000 100.000000 
14.600000 14 3 81.617111 87.292648  100.000000 100.000000 
14.800000 14 4 80.479919 87.355240  100.000000 100.000000 
15.000000 15 0 79.405319 87.407410  100.000000 100.000000 
15.200000 15 1 78.320290 86.259781  100.000000 100.000000 
15.400000 15 2 79.509651 86.510170  100.000000 100.000000 
15.600000 15 3 82.034431 87.052689  100.000000 100.000000 
15.800000 15 4 74.470528 85.967659  100.000000 100.000000 
16.000000 16 0 79.926971 86.531036  100.000000 100.000000 
16.200001 16 1 74.835678 85.758995  100.000000 100.000000 
16.400000 16 2 78.956703 86.906624  100.000000 100.000000 
16.600000 16 3 82.587379 87.501305  100.000000 100.000000 
16.799999 16 4 81.491913 86.718834  100.000000 100.000000 
17.000000 17 0 78.309860 86.677101  100.000000 100.000000 
17.200001 17 1 81.846634 85.665100  100.000000 100.000000 
17.400000 17 2 78.894104 87.793427  100.000000 100.000000 
17.600000 17 3 78.414192 87.313507  100.000000 100.000000 
17.799999 17 4 82.660408 87.292648  100.000000 100.000000 
18.000000 18 0 82.702141 87.209183  100.000000 100.000000 
18.200001 18 1 76.191963 86.155449  100.000000 100.000000 
18.400000 18 2 82.180489 87.042252  100.000000 100.000000 
18.600000 18 3 82.796036 87.094421  100.000000 100.000000 
18.799999 18 4 84.726135 85.341682  100.000000 100.000000 
19.000000 19 0 81.126762 86.875328  100.000000 100.000000 
19.200001 19 1 81.700577 87.553467  100.000000 100.000000 
19.400000 19 2 77.318726 87.428276  100.000000 100.000000 
19.600000 19 3 81.523216 87.584770  100.000000 100.000000 
19.799999 19 4 81.731873 87.240479  100.000000 100.000000 
20.000000 20 0 81.940529 86.531036  100.000000 100.000000 
20.200001 20 1 82.931664 88.429840  100.000000 100.000000 
20.400000 20 2 81.398018 88.179443  100.000000 100.000000 
20.600000 20 3 78.768913 87.490868  100.000000 100.000000 
20.799999 20 4 78.163795 87.063118  100.000000 100.000000 
21.000000 21 0 79.843506 88.242043  100.000000 100.000000 
21.200001 21 1 82.368286 87.042252  100.000000 100.000000 
21.400000 21 2 82.639542 88.106415  100.000000 100.000000 
21.600000 21 3 77.683884 86.426712  100.000000 100.000000 
21.799999 21 4 80.073029 87.365677  100.000000 100.000000 
22.000000 22 0 82.003128 86.937927  100.000000 100.000000 
22.200001 22 1 76.797081 86.541473  100.000000 100.000000 
22.400000 22 2 83.307251 88.377670  100.000000 100.000000 
22.600000 22 3 80.636414 88.544601  100.000000 100.000000 
22.799999 22 4 79.165359 88.565468  100.000000 100.000000 
23.000000 23 0 78.967133 87.605637  100.000000 100.000000 
23.200001 23 1 82.962959 88.033386  100.000000 100.000000 
23.400000 23 2 82.107460 88.043816  100.000000 100.000000 
23.600000 23 3 76.817947 87.605637  100.000000 100.000000 
23.799999 23 4 81.053726 88.043816  100.000000 100.000000 
24.000000 24 0 82.222221 88.732391  100.000000 100.000000 
24.200001 24 1 83.244652 88.346375  100.000000 100.000000 
24.400000 24 2 81.658844 88.388107  100.000000 100.000000 
24.600000 24 3 82.994263 87.042252  100.000000 100.000000 
24.799999 24 4 83.129890 88.753258  100.000000 100.000000 
25.000000 25 0 83.839333 88.054253  100.000000 100.000000 
25.200001 25 1 82.649971 88.210747  100.000000 100.000000 
25.400000 25 2 81.429314 87.490868  100.000000 100.000000 
25.600000 25 3 79.561813 88.742828  100.000000 100.000000 
25.799999 25 4 80.949402 88.534164  100.000000 100.000000 
26.000000 26 0 79.134064 88.461136  100.000000 100.000000 
26.200001 26 1 82.503914 88.951485  100.000000 100.000000 
26.400000 26 2 81.909233 88.805428  100.000000 100.000000 
26.600000 26 3 83.328117 88.815857  100.000000 100.000000 
26.799999 26 4 81.919662 88.721962  100.000000 100.000000 
27.000000 27 0 78.163795 88.283775  100.000000 100.000000 
27.200001 27 1 74.209702 86.854462  100.000000 100.000000 
27.400000 27 2 76.880539 88.043816  100.000000 100.000000 
27.600000 27 3 82.347420 89.556602  100.000000 100.000000 
27.799999 27 4 82.493477 89.274910  100.000000 100.000000 
28.000000 28 0 82.065727 88.575897  100.000000 100.000000 
28.200001 28 1 82.837769 88.836723  100.000000 100.000000 
28.400000 28 2 83.578506 89.055817  100.000000 100.000000 
28.600000 28 3 83.714134 88.648933  100.000000 100.000000 
28.799999 28 4 78.226395 88.367241  100.000000 100.000000 
29.000000 29 0 82.503914 88.982788  100.000000 100.000000 
29.200001 29 1 81.554512 88.367241  100.000000 100.000000 
29.400000 29 2 77.736046 88.544601  100.000000 100.000000 
29.600000 29 3 79.916534 88.137718  100.000000 100.000000 
29.799999 29 4 80.782471 89.045380  100.000000 100.000000 
30.000000 30 0 81.533646 88.982788  100.000000 100.000000 
30.200001 30 1 83.568077 89.076683  100.000000 100.000000 
